{
  statusCode: 400,
  level: 'error',
  label: 'right now!',
  timestamp: '2023-06-10T20:47:05.748Z'
}
{
  statusCode: 400,
  level: 'error',
  label: 'right now!',
  timestamp: '2023-06-10T20:47:29.769Z'
}
{
  level: 'error',
  label: 'right now!',
  timestamp: '2023-06-10T20:48:25.559Z'
}
{
  statusCode: 400,
  level: 'error',
  label: 'right now!',
  timestamp: '2023-06-10T20:48:49.285Z'
}
{
  statusCode: 400,
  level: 'error',
  label: 'right now!',
  timestamp: '2023-06-10T20:55:19.493Z'
}
