{
  statusCode: 403,
  level: 'error',
  label: 'right now!',
  timestamp: '2023-06-28T05:00:26.784Z'
}
{
  stringValue: '"260200005"',
  messageFormat: undefined,
  kind: 'ObjectId',
  value: '260200005',
  path: '_id',
  reason: BSONError: Argument passed in must be a string of 12 bytes or a string of 24 hex characters or an integer
      at new ObjectId (D:\New Mission 2023\Next Level Main Project\University Management Project\node_modules\bson\src\objectid.ts:88:15)
      at castObjectId (D:\New Mission 2023\Next Level Main Project\University Management Project\node_modules\mongoose\lib\cast\objectid.js:25:12)
      at ObjectId.cast (D:\New Mission 2023\Next Level Main Project\University Management Project\node_modules\mongoose\lib\schema\objectid.js:246:12)
      at ObjectId.SchemaType.applySetters (D:\New Mission 2023\Next Level Main Project\University Management Project\node_modules\mongoose\lib\schematype.js:1204:12)
      at ObjectId.SchemaType.castForQuery (D:\New Mission 2023\Next Level Main Project\University Management Project\node_modules\mongoose\lib\schematype.js:1616:15)
      at cast (D:\New Mission 2023\Next Level Main Project\University Management Project\node_modules\mongoose\lib\cast.js:348:32)
      at model.Query.Query.cast (D:\New Mission 2023\Next Level Main Project\University Management Project\node_modules\mongoose\lib\query.js:4874:12)
      at model.Query.Query._castConditions (D:\New Mission 2023\Next Level Main Project\University Management Project\node_modules\mongoose\lib\query.js:2210:10)
      at model.Query._findOneAndDelete (D:\New Mission 2023\Next Level Main Project\University Management Project\node_modules\mongoose\lib\query.js:3480:8)
      at model.Query.exec (D:\New Mission 2023\Next Level Main Project\University Management Project\node_modules\mongoose\lib\query.js:4404:28),
  valueType: 'string',
  model: Model { Student },
  level: 'error',
  label: 'right now!',
  timestamp: '2023-06-28T05:19:19.912Z'
}
{
  stringValue: '"260200005"',
  messageFormat: undefined,
  kind: 'ObjectId',
  value: '260200005',
  path: '_id',
  reason: BSONError: Argument passed in must be a string of 12 bytes or a string of 24 hex characters or an integer
      at new ObjectId (D:\New Mission 2023\Next Level Main Project\University Management Project\node_modules\bson\src\objectid.ts:88:15)
      at castObjectId (D:\New Mission 2023\Next Level Main Project\University Management Project\node_modules\mongoose\lib\cast\objectid.js:25:12)
      at ObjectId.cast (D:\New Mission 2023\Next Level Main Project\University Management Project\node_modules\mongoose\lib\schema\objectid.js:246:12)
      at ObjectId.SchemaType.applySetters (D:\New Mission 2023\Next Level Main Project\University Management Project\node_modules\mongoose\lib\schematype.js:1204:12)
      at ObjectId.SchemaType.castForQuery (D:\New Mission 2023\Next Level Main Project\University Management Project\node_modules\mongoose\lib\schematype.js:1616:15)
      at cast (D:\New Mission 2023\Next Level Main Project\University Management Project\node_modules\mongoose\lib\cast.js:348:32)
      at model.Query.Query.cast (D:\New Mission 2023\Next Level Main Project\University Management Project\node_modules\mongoose\lib\query.js:4874:12)
      at model.Query.Query._castConditions (D:\New Mission 2023\Next Level Main Project\University Management Project\node_modules\mongoose\lib\query.js:2210:10)
      at model.Query._findOneAndDelete (D:\New Mission 2023\Next Level Main Project\University Management Project\node_modules\mongoose\lib\query.js:3480:8)
      at model.Query.exec (D:\New Mission 2023\Next Level Main Project\University Management Project\node_modules\mongoose\lib\query.js:4404:28),
  valueType: 'string',
  model: Model { Student },
  level: 'error',
  label: 'right now!',
  timestamp: '2023-06-28T05:21:40.418Z'
}
{
  stringValue: '"260200005"',
  messageFormat: undefined,
  kind: 'ObjectId',
  value: '260200005',
  path: '_id',
  reason: BSONError: Argument passed in must be a string of 12 bytes or a string of 24 hex characters or an integer
      at new ObjectId (D:\New Mission 2023\Next Level Main Project\University Management Project\node_modules\bson\src\objectid.ts:88:15)
      at castObjectId (D:\New Mission 2023\Next Level Main Project\University Management Project\node_modules\mongoose\lib\cast\objectid.js:25:12)
      at ObjectId.cast (D:\New Mission 2023\Next Level Main Project\University Management Project\node_modules\mongoose\lib\schema\objectid.js:246:12)
      at ObjectId.SchemaType.applySetters (D:\New Mission 2023\Next Level Main Project\University Management Project\node_modules\mongoose\lib\schematype.js:1204:12)
      at ObjectId.SchemaType.castForQuery (D:\New Mission 2023\Next Level Main Project\University Management Project\node_modules\mongoose\lib\schematype.js:1616:15)
      at cast (D:\New Mission 2023\Next Level Main Project\University Management Project\node_modules\mongoose\lib\cast.js:348:32)
      at model.Query.Query.cast (D:\New Mission 2023\Next Level Main Project\University Management Project\node_modules\mongoose\lib\query.js:4874:12)
      at model.Query.Query._castConditions (D:\New Mission 2023\Next Level Main Project\University Management Project\node_modules\mongoose\lib\query.js:2210:10)
      at model.Query._findOneAndDelete (D:\New Mission 2023\Next Level Main Project\University Management Project\node_modules\mongoose\lib\query.js:3480:8)
      at model.Query.exec (D:\New Mission 2023\Next Level Main Project\University Management Project\node_modules\mongoose\lib\query.js:4404:28),
  valueType: 'string',
  model: Model { Student },
  level: 'error',
  label: 'right now!',
  timestamp: '2023-06-28T05:22:43.979Z'
}
