{
  level: 'error',
  message: 'server connection error The `uri` parameter to `openUri()` must be a string, got "undefined". Make sure the first parameter to `mongoose.connect()` or `mongoose.createConnection()` is a string.',
  stack: 'MongooseError: The `uri` parameter to `openUri()` must be a string, got "undefined". Make sure the first parameter to `mongoose.connect()` or `mongoose.createConnection()` is a string.\n' +
    '    at _createMongoClient (D:\\New Mission 2023\\Next Level Main Project\\University Management Project\\node_modules\\mongoose\\lib\\connection.js:805:11)\n' +
    '    at NativeConnection.openUri (D:\\New Mission 2023\\Next Level Main Project\\University Management Project\\node_modules\\mongoose\\lib\\connection.js:742:29)\n' +
    '    at connect (D:\\New Mission 2023\\Next Level Main Project\\University Management Project\\node_modules\\mongoose\\lib\\index.js:406:15)\n' +
    '    at D:\\New Mission 2023\\Next Level Main Project\\University Management Project\\src\\server.ts:8:18\n' +
    '    at Generator.next (<anonymous>)\n' +
    '    at D:\\New Mission 2023\\Next Level Main Project\\University Management Project\\src\\server.ts:8:71\n' +
    '    at new Promise (<anonymous>)\n' +
    '    at __awaiter (D:\\New Mission 2023\\Next Level Main Project\\University Management Project\\src\\server.ts:4:12)\n' +
    '    at run (D:\\New Mission 2023\\Next Level Main Project\\University Management Project\\src\\server.ts:20:12)\n' +
    '    at Object.<anonymous> (D:\\New Mission 2023\\Next Level Main Project\\University Management Project\\src\\server.ts:17:1)',
  label: 'right now!',
  timestamp: '2023-06-02T10:53:33.867Z'
}
{
  ok: 0,
  code: 8000,
  codeName: 'AtlasError',
  connectionGeneration: 0,
  level: 'error',
  message: 'server connection error bad auth : Authentication failed.',
  stack: 'MongoServerError: bad auth : Authentication failed.\n' +
    '    at Connection.onMessage (D:\\New Mission 2023\\Next Level Main Project\\University Management Project\\node_modules\\mongodb\\src\\cmap\\connection.ts:413:18)\n' +
    '    at MessageStream.<anonymous> (D:\\New Mission 2023\\Next Level Main Project\\University Management Project\\node_modules\\mongodb\\src\\cmap\\connection.ts:243:56)\n' +
    '    at MessageStream.emit (node:events:513:28)\n' +
    '    at processIncomingData (D:\\New Mission 2023\\Next Level Main Project\\University Management Project\\node_modules\\mongodb\\src\\cmap\\message_stream.ts:187:12)\n' +
    '    at MessageStream._write (D:\\New Mission 2023\\Next Level Main Project\\University Management Project\\node_modules\\mongodb\\src\\cmap\\message_stream.ts:68:5)\n' +
    '    at writeOrBuffer (node:internal/streams/writable:392:12)\n' +
    '    at _write (node:internal/streams/writable:333:10)\n' +
    '    at MessageStream.Writable.write (node:internal/streams/writable:337:10)\n' +
    '    at TLSSocket.ondata (node:internal/streams/readable:766:22)\n' +
    '    at TLSSocket.emit (node:events:513:28)',
  label: 'right now!',
  timestamp: '2023-06-02T10:57:41.213Z',
  [Symbol(errorLabels)]: Set(2) { 'HandshakeError', 'ResetPool' }
}
