{
  message: 'Databse is connected successfully',
  level: 'info',
  label: 'right now!',
  timestamp: '2023-06-28T06:32:07.785Z'
}
{
  message: 'listening on port 5001',
  level: 'info',
  label: 'right now!',
  timestamp: '2023-06-28T06:32:07.958Z'
}
{
  message: 'Databse is connected successfully',
  level: 'info',
  label: 'right now!',
  timestamp: '2023-06-28T06:55:22.654Z'
}
{
  message: 'listening on port 5001',
  level: 'info',
  label: 'right now!',
  timestamp: '2023-06-28T06:55:22.675Z'
}
{
  message: 'Databse is connected successfully',
  level: 'info',
  label: 'right now!',
  timestamp: '2023-06-28T06:57:05.104Z'
}
{
  message: 'listening on port 5001',
  level: 'info',
  label: 'right now!',
  timestamp: '2023-06-28T06:57:05.122Z'
}
{
  message: 'Databse is connected successfully',
  level: 'info',
  label: 'right now!',
  timestamp: '2023-06-28T06:57:26.573Z'
}
{
  message: 'listening on port 5001',
  level: 'info',
  label: 'right now!',
  timestamp: '2023-06-28T06:57:26.589Z'
}
{
  message: 'Databse is connected successfully',
  level: 'info',
  label: 'right now!',
  timestamp: '2023-06-28T06:57:36.787Z'
}
{
  message: 'listening on port 5001',
  level: 'info',
  label: 'right now!',
  timestamp: '2023-06-28T06:57:36.802Z'
}
{
  message: 'Databse is connected successfully',
  level: 'info',
  label: 'right now!',
  timestamp: '2023-06-28T06:58:01.020Z'
}
{
  message: 'listening on port 5001',
  level: 'info',
  label: 'right now!',
  timestamp: '2023-06-28T06:58:01.035Z'
}
{
  message: 'Databse is connected successfully',
  level: 'info',
  label: 'right now!',
  timestamp: '2023-06-28T06:59:13.043Z'
}
{
  message: 'listening on port 5001',
  level: 'info',
  label: 'right now!',
  timestamp: '2023-06-28T06:59:13.062Z'
}
{
  message: 'Databse is connected successfully',
  level: 'info',
  label: 'right now!',
  timestamp: '2023-06-28T06:59:34.330Z'
}
{
  message: 'listening on port 5001',
  level: 'info',
  label: 'right now!',
  timestamp: '2023-06-28T06:59:34.345Z'
}
{
  message: 'Databse is connected successfully',
  level: 'info',
  label: 'right now!',
  timestamp: '2023-06-28T07:01:39.291Z'
}
{
  message: 'listening on port 5001',
  level: 'info',
  label: 'right now!',
  timestamp: '2023-06-28T07:01:39.309Z'
}
{
  message: 'Databse is connected successfully',
  level: 'info',
  label: 'right now!',
  timestamp: '2023-06-28T07:02:57.877Z'
}
{
  message: 'listening on port 5001',
  level: 'info',
  label: 'right now!',
  timestamp: '2023-06-28T07:02:57.892Z'
}
{
  message: 'Databse is connected successfully',
  level: 'info',
  label: 'right now!',
  timestamp: '2023-06-28T07:03:20.984Z'
}
{
  message: 'listening on port 5001',
  level: 'info',
  label: 'right now!',
  timestamp: '2023-06-28T07:03:21.005Z'
}
{
  message: 'Databse is connected successfully',
  level: 'info',
  label: 'right now!',
  timestamp: '2023-06-28T07:03:32.278Z'
}
{
  message: 'listening on port 5001',
  level: 'info',
  label: 'right now!',
  timestamp: '2023-06-28T07:03:32.294Z'
}
{
  message: 'Databse is connected successfully',
  level: 'info',
  label: 'right now!',
  timestamp: '2023-06-28T07:06:39.249Z'
}
{
  message: 'listening on port 5001',
  level: 'info',
  label: 'right now!',
  timestamp: '2023-06-28T07:06:39.263Z'
}
{
  message: 'Databse is connected successfully',
  level: 'info',
  label: 'right now!',
  timestamp: '2023-06-28T07:06:47.934Z'
}
{
  message: 'listening on port 5001',
  level: 'info',
  label: 'right now!',
  timestamp: '2023-06-28T07:06:47.953Z'
}
{
  message: 'Databse is connected successfully',
  level: 'info',
  label: 'right now!',
  timestamp: '2023-06-28T07:16:59.829Z'
}
{
  message: 'listening on port 5001',
  level: 'info',
  label: 'right now!',
  timestamp: '2023-06-28T07:16:59.856Z'
}
{
  message: 'Databse is connected successfully',
  level: 'info',
  label: 'right now!',
  timestamp: '2023-06-28T07:17:05.441Z'
}
{
  message: 'listening on port 5001',
  level: 'info',
  label: 'right now!',
  timestamp: '2023-06-28T07:17:05.455Z'
}
{
  message: 'Databse is connected successfully',
  level: 'info',
  label: 'right now!',
  timestamp: '2023-06-28T07:18:50.758Z'
}
{
  message: 'listening on port 5001',
  level: 'info',
  label: 'right now!',
  timestamp: '2023-06-28T07:18:50.772Z'
}
{
  message: 'Databse is connected successfully',
  level: 'info',
  label: 'right now!',
  timestamp: '2023-06-28T07:22:51.670Z'
}
{
  message: 'listening on port 5001',
  level: 'info',
  label: 'right now!',
  timestamp: '2023-06-28T07:22:51.686Z'
}
{
  message: 'Databse is connected successfully',
  level: 'info',
  label: 'right now!',
  timestamp: '2023-06-28T07:23:56.356Z'
}
{
  message: 'listening on port 5001',
  level: 'info',
  label: 'right now!',
  timestamp: '2023-06-28T07:23:56.371Z'
}
