{
  message: 'Databse is connected successfully',
  level: 'info',
  label: 'right now!',
  timestamp: '2023-06-27T10:34:58.838Z'
}
{
  message: 'listening on port 5001',
  level: 'info',
  label: 'right now!',
  timestamp: '2023-06-27T10:34:58.850Z'
}
{
  message: 'Databse is connected successfully',
  level: 'info',
  label: 'right now!',
  timestamp: '2023-06-27T10:35:06.723Z'
}
{
  message: 'listening on port 5001',
  level: 'info',
  label: 'right now!',
  timestamp: '2023-06-27T10:35:06.739Z'
}
{
  message: 'Databse is connected successfully',
  level: 'info',
  label: 'right now!',
  timestamp: '2023-06-27T10:36:11.282Z'
}
{
  message: 'listening on port 5001',
  level: 'info',
  label: 'right now!',
  timestamp: '2023-06-27T10:36:11.324Z'
}
{
  message: 'Databse is connected successfully',
  level: 'info',
  label: 'right now!',
  timestamp: '2023-06-27T10:36:27.689Z'
}
{
  message: 'listening on port 5001',
  level: 'info',
  label: 'right now!',
  timestamp: '2023-06-27T10:36:27.716Z'
}
{
  message: 'Databse is connected successfully',
  level: 'info',
  label: 'right now!',
  timestamp: '2023-06-27T10:37:03.891Z'
}
{
  message: 'listening on port 5001',
  level: 'info',
  label: 'right now!',
  timestamp: '2023-06-27T10:37:03.906Z'
}
{
  message: 'Databse is connected successfully',
  level: 'info',
  label: 'right now!',
  timestamp: '2023-06-27T10:42:32.515Z'
}
{
  message: 'listening on port 5001',
  level: 'info',
  label: 'right now!',
  timestamp: '2023-06-27T10:42:32.531Z'
}
{
  message: 'Databse is connected successfully',
  level: 'info',
  label: 'right now!',
  timestamp: '2023-06-27T11:01:10.845Z'
}
{
  message: 'listening on port 5001',
  level: 'info',
  label: 'right now!',
  timestamp: '2023-06-27T11:01:11.149Z'
}
