{
  message: 'Databse is connected successfully',
  level: 'info',
  label: 'right now!',
  timestamp: '2023-06-02T10:51:59.415Z'
}
{
  message: 'listening on port 5000',
  level: 'info',
  label: 'right now!',
  timestamp: '2023-06-02T10:51:59.427Z'
}
{
  message: 'Databse is connected successfully',
  level: 'info',
  label: 'right now!',
  timestamp: '2023-06-02T10:54:20.725Z'
}
{
  message: 'listening on port 5000',
  level: 'info',
  label: 'right now!',
  timestamp: '2023-06-02T10:54:20.735Z'
}
{
  message: 'Databse is connected successfully',
  level: 'info',
  label: 'right now!',
  timestamp: '2023-06-02T10:58:33.276Z'
}
{
  message: 'listening on port 5000',
  level: 'info',
  label: 'right now!',
  timestamp: '2023-06-02T10:58:33.283Z'
}
{
  message: 'Databse is connected successfully',
  level: 'info',
  label: 'right now!',
  timestamp: '2023-06-02T10:59:02.150Z'
}
{
  message: 'listening on port 5000',
  level: 'info',
  label: 'right now!',
  timestamp: '2023-06-02T10:59:02.163Z'
}
{
  message: 'Databse is connected successfully',
  level: 'info',
  label: 'right now!',
  timestamp: '2023-06-02T10:59:13.456Z'
}
{
  message: 'listening on port 5000',
  level: 'info',
  label: 'right now!',
  timestamp: '2023-06-02T10:59:13.465Z'
}
