{
  message: 'Databse is connected successfully',
  level: 'info',
  label: 'right now!',
  timestamp: '2023-06-11T07:44:40.248Z'
}
{
  message: 'listening on port 5001',
  level: 'info',
  label: 'right now!',
  timestamp: '2023-06-11T07:44:40.295Z'
}
{
  message: 'Databse is connected successfully',
  level: 'info',
  label: 'right now!',
  timestamp: '2023-06-11T07:46:54.966Z'
}
{
  message: 'listening on port 5001',
  level: 'info',
  label: 'right now!',
  timestamp: '2023-06-11T07:46:54.976Z'
}
{
  message: 'Databse is connected successfully',
  level: 'info',
  label: 'right now!',
  timestamp: '2023-06-11T07:51:47.805Z'
}
{
  message: 'listening on port 5001',
  level: 'info',
  label: 'right now!',
  timestamp: '2023-06-11T07:51:47.817Z'
}
{
  message: 'Databse is connected successfully',
  level: 'info',
  label: 'right now!',
  timestamp: '2023-06-11T07:51:56.096Z'
}
{
  message: 'listening on port 5001',
  level: 'info',
  label: 'right now!',
  timestamp: '2023-06-11T07:51:56.108Z'
}
{
  message: 'Databse is connected successfully',
  level: 'info',
  label: 'right now!',
  timestamp: '2023-06-11T08:04:02.917Z'
}
{
  message: 'listening on port 5001',
  level: 'info',
  label: 'right now!',
  timestamp: '2023-06-11T08:04:02.930Z'
}
