{
  message: 'Databse is connected successfully',
  level: 'info',
  label: 'right now!',
  timestamp: '2023-06-06T07:30:05.428Z'
}
{
  message: 'listening on port 5001',
  level: 'info',
  label: 'right now!',
  timestamp: '2023-06-06T07:30:05.443Z'
}
{
  message: 'Databse is connected successfully',
  level: 'info',
  label: 'right now!',
  timestamp: '2023-06-06T07:30:48.148Z'
}
{
  message: 'listening on port 5001',
  level: 'info',
  label: 'right now!',
  timestamp: '2023-06-06T07:30:48.157Z'
}
{
  message: 'SIGINT is received',
  level: 'info',
  label: 'right now!',
  timestamp: '2023-06-06T07:35:09.284Z'
}
{
  message: 'Databse is connected successfully',
  level: 'info',
  label: 'right now!',
  timestamp: '2023-06-06T07:36:02.613Z'
}
{
  message: 'listening on port 5001',
  level: 'info',
  label: 'right now!',
  timestamp: '2023-06-06T07:36:02.627Z'
}
{
  message: 'Databse is connected successfully',
  level: 'info',
  label: 'right now!',
  timestamp: '2023-06-06T07:39:33.554Z'
}
{
  message: 'Databse is connected successfully',
  level: 'info',
  label: 'right now!',
  timestamp: '2023-06-06T07:40:59.233Z'
}
{
  message: 'listening on port 5001',
  level: 'info',
  label: 'right now!',
  timestamp: '2023-06-06T07:40:59.249Z'
}
{
  message: 'Databse is connected successfully',
  level: 'info',
  label: 'right now!',
  timestamp: '2023-06-06T07:41:22.988Z'
}
{
  message: 'listening on port 5001',
  level: 'info',
  label: 'right now!',
  timestamp: '2023-06-06T07:41:22.999Z'
}
{
  message: 'Databse is connected successfully',
  level: 'info',
  label: 'right now!',
  timestamp: '2023-06-06T07:42:23.716Z'
}
{
  message: 'listening on port 5001',
  level: 'info',
  label: 'right now!',
  timestamp: '2023-06-06T07:42:23.735Z'
}
