{
  message: 'Databse is connected successfully',
  level: 'info',
  label: 'right now!',
  timestamp: '2023-06-02T10:50:16.165Z'
}
{
  message: 'listening on port 5000',
  level: 'info',
  label: 'right now!',
  timestamp: '2023-06-02T10:50:16.174Z'
}
{
  message: 'Databse is connected successfully',
  level: 'info',
  label: 'right now!',
  timestamp: '2023-06-02T10:51:44.571Z'
}
{
  message: 'listening on port 5000',
  level: 'info',
  label: 'right now!',
  timestamp: '2023-06-02T10:51:44.582Z'
}
{
  message: 'Databse is connected successfully',
  level: 'info',
  label: 'right now!',
  timestamp: '2023-06-02T10:51:49.088Z'
}
{
  message: 'listening on port 5000',
  level: 'info',
  label: 'right now!',
  timestamp: '2023-06-02T10:51:49.121Z'
}
