{
  message: 'Databse is connected successfully',
  level: 'info',
  label: 'right now!',
  timestamp: '2023-06-27T09:55:37.759Z'
}
{
  message: 'listening on port 5001',
  level: 'info',
  label: 'right now!',
  timestamp: '2023-06-27T09:55:37.783Z'
}
{
  message: 'Databse is connected successfully',
  level: 'info',
  label: 'right now!',
  timestamp: '2023-06-27T09:57:07.914Z'
}
{
  message: 'listening on port 5001',
  level: 'info',
  label: 'right now!',
  timestamp: '2023-06-27T09:57:07.932Z'
}
{
  message: 'Databse is connected successfully',
  level: 'info',
  label: 'right now!',
  timestamp: '2023-06-27T10:00:34.429Z'
}
{
  message: 'listening on port 5001',
  level: 'info',
  label: 'right now!',
  timestamp: '2023-06-27T10:00:34.455Z'
}
{
  message: 'Databse is connected successfully',
  level: 'info',
  label: 'right now!',
  timestamp: '2023-06-27T10:02:02.051Z'
}
{
  message: 'listening on port 5001',
  level: 'info',
  label: 'right now!',
  timestamp: '2023-06-27T10:02:02.069Z'
}
{
  message: 'Databse is connected successfully',
  level: 'info',
  label: 'right now!',
  timestamp: '2023-06-27T10:02:17.387Z'
}
{
  message: 'listening on port 5001',
  level: 'info',
  label: 'right now!',
  timestamp: '2023-06-27T10:02:17.401Z'
}
{
  message: 'Databse is connected successfully',
  level: 'info',
  label: 'right now!',
  timestamp: '2023-06-27T10:02:24.265Z'
}
{
  message: 'listening on port 5001',
  level: 'info',
  label: 'right now!',
  timestamp: '2023-06-27T10:02:24.277Z'
}
{
  message: 'Databse is connected successfully',
  level: 'info',
  label: 'right now!',
  timestamp: '2023-06-27T10:02:28.923Z'
}
{
  message: 'listening on port 5001',
  level: 'info',
  label: 'right now!',
  timestamp: '2023-06-27T10:02:28.938Z'
}
{
  message: 'Databse is connected successfully',
  level: 'info',
  label: 'right now!',
  timestamp: '2023-06-27T10:04:43.627Z'
}
{
  message: 'listening on port 5001',
  level: 'info',
  label: 'right now!',
  timestamp: '2023-06-27T10:04:43.641Z'
}
{
  message: 'Databse is connected successfully',
  level: 'info',
  label: 'right now!',
  timestamp: '2023-06-27T10:04:58.866Z'
}
{
  message: 'listening on port 5001',
  level: 'info',
  label: 'right now!',
  timestamp: '2023-06-27T10:04:58.877Z'
}
{
  message: 'Databse is connected successfully',
  level: 'info',
  label: 'right now!',
  timestamp: '2023-06-27T10:05:13.336Z'
}
{
  message: 'listening on port 5001',
  level: 'info',
  label: 'right now!',
  timestamp: '2023-06-27T10:05:13.347Z'
}
{
  message: 'Databse is connected successfully',
  level: 'info',
  label: 'right now!',
  timestamp: '2023-06-27T10:14:52.390Z'
}
{
  message: 'listening on port 5001',
  level: 'info',
  label: 'right now!',
  timestamp: '2023-06-27T10:14:52.500Z'
}
{
  message: 'Databse is connected successfully',
  level: 'info',
  label: 'right now!',
  timestamp: '2023-06-27T10:18:19.550Z'
}
{
  message: 'listening on port 5001',
  level: 'info',
  label: 'right now!',
  timestamp: '2023-06-27T10:18:19.566Z'
}
{
  message: 'Databse is connected successfully',
  level: 'info',
  label: 'right now!',
  timestamp: '2023-06-27T10:18:24.898Z'
}
{
  message: 'listening on port 5001',
  level: 'info',
  label: 'right now!',
  timestamp: '2023-06-27T10:18:24.915Z'
}
{
  message: 'Databse is connected successfully',
  level: 'info',
  label: 'right now!',
  timestamp: '2023-06-27T10:19:05.601Z'
}
{
  message: 'listening on port 5001',
  level: 'info',
  label: 'right now!',
  timestamp: '2023-06-27T10:19:05.619Z'
}
{
  message: 'Databse is connected successfully',
  level: 'info',
  label: 'right now!',
  timestamp: '2023-06-27T10:22:01.390Z'
}
{
  message: 'listening on port 5001',
  level: 'info',
  label: 'right now!',
  timestamp: '2023-06-27T10:22:01.414Z'
}
{
  message: 'Databse is connected successfully',
  level: 'info',
  label: 'right now!',
  timestamp: '2023-06-27T10:22:07.064Z'
}
{
  message: 'listening on port 5001',
  level: 'info',
  label: 'right now!',
  timestamp: '2023-06-27T10:22:07.080Z'
}
{
  message: 'Databse is connected successfully',
  level: 'info',
  label: 'right now!',
  timestamp: '2023-06-27T10:22:23.901Z'
}
{
  message: 'listening on port 5001',
  level: 'info',
  label: 'right now!',
  timestamp: '2023-06-27T10:22:23.919Z'
}
