{"level":"info","message":"Databse is connected successfully"}
{"level":"info","message":"listening on port 5000"}
{"level":"info","message":"Databse is connected successfully"}
{"level":"info","message":"listening on port 5000"}
{"level":"info","message":"Databse is connected successfully"}
{"level":"info","message":"listening on port 5000"}
{"level":"info","message":"Databse is connected successfully"}
{"level":"info","message":"listening on port 5000"}
2023-06-02T10:15:25.498Z [right meow!] info: Databse is connected successfully
2023-06-02T10:15:25.508Z [right meow!] info: listening on port 5000
2023-06-02T10:15:33.116Z [right meow!] info: Databse is connected successfully
2023-06-02T10:15:33.126Z [right meow!] info: listening on port 5000
2023-06-02T10:16:59.068Z [right meow!] info: Databse is connected successfully
2023-06-02T10:16:59.086Z [right meow!] info: listening on port 5000
2023-06-02T10:17:03.704Z [right now!] info: Databse is connected successfully
2023-06-02T10:17:03.713Z [right now!] info: listening on port 5000
2023-06-02T10:18:05.268Z [right now!] info: Databse is connected successfully
2023-06-02T10:18:05.283Z [right now!] info: listening on port 5000
2023-06-02T10:22:17.693Z [right now!] info: Databse is connected successfully
2023-06-02T10:22:17.709Z [right now!] info: listening on port 5000
Fri Jun 02 2023 [right now!] info: Databse is connected successfully
Fri Jun 02 2023 [right now!] info: listening on port 5000
Fri Jun 02 2023  [right now!] info: Databse is connected successfully
Fri Jun 02 2023  [right now!] info: listening on port 5000
Fri Jun 02 2023 15 53 38[right now!] info: Databse is connected successfully
Fri Jun 02 2023 15 53 38[right now!] info: listening on port 5000
Fri Jun 02 2023 15:55 12[right now!] info: Databse is connected successfully
Fri Jun 02 2023 15:55 12[right now!] info: listening on port 5000
Fri Jun 02 2023 15:55:16[right now!] info: Databse is connected successfully
Fri Jun 02 2023 15:55:16[right now!] info: listening on port 5000
Fri Jun 02 2023 15:55:33 [right now!] info: Databse is connected successfully
Fri Jun 02 2023 15:55:33 [right now!] info: listening on port 5000
[Fri Jun 02 2023 15:55:57] [right now!] info: Databse is connected successfully
[Fri Jun 02 2023 15:55:57] [right now!] info: listening on port 5000
[Fri Jun 02 2023 15:57:20] [right now!] info: Databse is connected successfully
[Fri Jun 02 2023 15:57:20] [right now!] info: listening on port 5000
{
  message: 'Databse is connected successfully',
  level: 'info',
  label: 'right now!',
  timestamp: '2023-06-02T10:28:09.431Z'
}
{
  message: 'listening on port 5000',
  level: 'info',
  label: 'right now!',
  timestamp: '2023-06-02T10:28:09.453Z'
}
